<?xml version="1.0" encoding="utf-8"?><testsuites name="pytest tests"><testsuite name="pytest" errors="0" failures="0" skipped="0" tests="31" time="13.886" timestamp="2026-09-14T10:54:41.571705+00:00" hostname="agent-env-8deea089-898e-4ef8-ba0c-f6435eee06f0"><testcase classname="tests.backend_auth_test.TestUnauthEndpoints" name="test_list_trips_no_auth" time="0.110" /><testcase classname="tests.backend_auth_test.TestExchangeRates" name="test_valid_base" time="0.253" /><testcase classname="tests.backend_auth_test.TestUnauthEndpoints" name="test_get_trip_no_auth" time="0.130" /><testcase classname="tests.backend_auth_test.TestUnauthEndpoints" name="test_auth_me_no_auth" time="0.085" /><testcase classname="tests.backend_auth_test.TestExchangeRates" name="test_lowercase_base_normalized" time="0.148" /><testcase classname="tests.backend_auth_test.TestUnauthEndpoints" name="test_geocode_no_auth" time="0.080" /><testcase classname="tests.backend_auth_test.TestExchangeRates" name="test_invalid_base_path_traversal" time="0.075" /><testcase classname="tests.backend_auth_test.TestUnauthEndpoints" name="test_reverse_geocode_no_auth" time="0.093" /><testcase classname="tests.backend_auth_test.TestExchangeRates" name="test_invalid_base_too_long" time="0.077" /><testcase classname="tests.backend_auth_test.TestUnauthEndpoints" name="test_exchange_rates_no_auth" time="0.098" /><testcase classname="tests.backend_auth_test.TestExchangeRates" name="test_invalid_base_with_digits" time="0.123" /><testcase classname="tests.backend_auth_test.TestUnauthEndpoints" name="test_parse_flight_no_auth" time="0.088" /><testcase classname="tests.backend_auth_test.TestCrossUserIsolation" name="test_a_cannot_read_b_trip" time="0.906" /><testcase classname="tests.backend_auth_test.TestUnauthEndpoints" name="test_parse_booking_no_auth" time="0.935" /><testcase classname="tests.backend_auth_test.TestCrossUserIsolation" name="test_list_trips_scoped_to_user" time="0.190" /><testcase classname="tests.backend_auth_test.TestUnauthEndpoints" name="test_bad_bearer_token" time="0.079" /><testcase classname="tests.backend_auth_test.TestMongoIndexes" name="test_users_indexes" time="0.001" /><testcase classname="tests.backend_auth_test.TestMongoIndexes" name="test_user_sessions_indexes" time="0.001" /><testcase classname="tests.backend_auth_test.TestMongoIndexes" name="test_trips_indexes" time="0.000" /><testcase classname="tests.backend_auth_test.TestAuthFlows" name="test_auth_me_ok" time="0.126" /><testcase classname="tests.backend_auth_test.TestCrossUserIsolation" name="test_a_cannot_create_subitem_under_b_trip" time="0.164" /><testcase classname="tests.backend_auth_test.TestAuthFlows" name="test_create_trip_share_id_is_long" time="0.248" /><testcase classname="tests.backend_auth_test.TestAuthSessionExchange" name="test_short_session_id_rejected" time="0.100" /><testcase classname="tests.backend_auth_test.TestAuthSessionExchange" name="test_bad_session_id_rejected" time="0.317" /><testcase classname="tests.backend_auth_test.TestPublicShare" name="test_public_share_no_auth" time="0.209" /><testcase classname="tests.backend_auth_test.TestPublicShare" name="test_public_share_unknown_404" time="0.077" /><testcase classname="tests.backend_auth_test.TestImageSizeCap" name="test_oversized_image_rejected_413" time="0.376" /><testcase classname="tests.backend_auth_test.TestLeafletEscape" name="test_map_tab_uses_esc" time="0.000" /><testcase classname="tests.backend_auth_test.TestLeafletEscape" name="test_share_page_uses_esc" time="0.003" /><testcase classname="tests.backend_auth_test.TestImageSizeCap" name="test_missing_text_and_image_rejected" time="0.107" /><testcase classname="tests.backend_auth_test.TestRateLimiter" name="test_11th_call_returns_429" time="10.553" /></testsuite></testsuites>