<?xml version="1.0" encoding="utf-8"?><testsuites name="pytest tests"><testsuite name="pytest" errors="0" failures="0" skipped="0" tests="10" time="9.874" timestamp="2026-09-14T10:06:42.152594+00:00" hostname="agent-env-8deea089-898e-4ef8-ba0c-f6435eee06f0"><testcase classname="tests.backend_round2_test.TestParseBooking" name="test_parse_booking_stay" time="4.460" /><testcase classname="tests.backend_round2_test.TestGeocode" name="test_geocode_eiffel" time="2.742" /><testcase classname="tests.backend_round2_test.TestGeocode" name="test_reverse_geocode_eiffel" time="0.253" /><testcase classname="tests.backend_round2_test.TestTripShare" name="test_trip_has_share_id" time="0.104" /><testcase classname="tests.backend_round2_test.TestTripShare" name="test_public_share_endpoint" time="0.049" /><testcase classname="tests.backend_round2_test" name="test_health_root" time="0.048" /><testcase classname="tests.backend_round2_test.TestTicketLinkSync" name="test_full_link_sync_lifecycle" time="0.893" /><testcase classname="tests.backend_round2_test.TestParseBooking" name="test_parse_booking_flight" time="2.002" /><testcase classname="tests.backend_round2_test.TestParseBooking" name="test_parse_booking_attraction" time="1.453" /><testcase classname="tests.backend_round2_test.TestParseBooking" name="test_parse_booking_image" time="1.604" /></testsuite></testsuites>