<?xml version="1.0" encoding="utf-8"?><testsuites name="pytest tests"><testsuite name="pytest" errors="0" failures="0" skipped="0" tests="12" time="4.417" timestamp="2026-09-14T12:25:08.734182+00:00" hostname="agent-env-8deea089-898e-4ef8-ba0c-f6435eee06f0"><testcase classname="tests.backend_round5_test.TestTripCreateWithClientId" name="test_new_uuid_is_honoured" time="0.315" /><testcase classname="tests.backend_round5_test.TestSeedIntact" name="test_seed_token_authenticates" time="0.359" /><testcase classname="tests.backend_round5_test.TestTripCreateWithClientId" name="test_repeat_same_payload_no_duplicate" time="0.187" /><testcase classname="tests.backend_round5_test.TestSeedIntact" name="test_seed_trip_still_tokyo_kyoto" time="0.092" /><testcase classname="tests.backend_round5_test.TestSeedIntact" name="test_trips_list_contains_seed" time="0.190" /><testcase classname="tests.backend_round5_test.TestTripCreateWithClientId" name="test_same_id_different_name_returns_original" time="0.164" /><testcase classname="tests.backend_round5_test.TestFlightCreateIdempotency" name="test_same_id_same_trip_returns_existing" time="0.322" /><testcase classname="tests.backend_round5_test.TestTripCreateWithClientId" name="test_delete_cleanup_after_client_id_create" time="0.238" /><testcase classname="tests.backend_round5_test.TestSeedAfter" name="test_seed_trip_unchanged_after_suite" time="0.130" /><testcase classname="tests.backend_round5_test.TestFlightCreateIdempotency" name="test_same_id_different_trip_generates_fresh" time="2.723" /><testcase classname="tests.backend_round5_test.TestSeedAfter" name="test_seed_flight_still_present" time="0.105" /><testcase classname="tests.backend_round5_test.TestAccessControlClientId" name="test_second_user_cannot_hijack_id" time="0.208" /></testsuite></testsuites>