<?xml version="1.0" encoding="utf-8"?><testsuites name="pytest tests"><testsuite name="pytest" errors="0" failures="0" skipped="0" tests="4" time="5.415" timestamp="2026-09-15T13:15:08.909623+00:00" hostname="agent-env-8deea089-898e-4ef8-ba0c-f6435eee06f0"><testcase classname="tests.backend_round9_test.TestGeocode" name="test_geocode_paris_en_returns_results" time="1.618" /><testcase classname="tests.backend_round9_test.TestParseBookingMulti" name="test_parse_booking_multi_flight_text" time="3.373" /><testcase classname="tests.backend_round9_test.TestGeocode" name="test_geocode_anonymous_no_auth_needed" time="0.420" /><testcase classname="tests.backend_round9_test.TestParseBookingMulti" name="test_parse_booking_multi_anonymous_no_auth_needed" time="1.687" /></testsuite></testsuites>