<?xml version="1.0" encoding="utf-8"?><testsuites name="pytest tests"><testsuite name="pytest" errors="0" failures="0" skipped="0" tests="26" time="12.099" timestamp="2026-09-14T12:25:53.627198+00:00" hostname="agent-env-8deea089-898e-4ef8-ba0c-f6435eee06f0"><testcase classname="tests.backend_round4_test.TestSeedRegression" name="test_auth_me_still_works" time="0.151" /><testcase classname="tests.backend_round4_test.TestSeedRegression" name="test_trips_list_includes_seed_trip" time="0.102" /><testcase classname="tests.backend_round4_test.TestSeedRegression" name="test_existing_flight_present" time="0.102" /><testcase classname="tests.backend_round4_test.TestPartialPatchRegression" name="test_flight_partial_patch" time="0.275" /><testcase classname="tests.backend_round4_test.TestPartialPatchRegression" name="test_transport_partial_patch" time="0.323" /><testcase classname="tests.backend_round4_test.TestPartialPatchRegression" name="test_stay_partial_patch" time="0.275" /><testcase classname="tests.backend_round4_test.TestPartialPatchRegression" name="test_attraction_partial_patch" time="0.258" /><testcase classname="tests.backend_round4_test.TestPartialPatchRegression" name="test_ticket_partial_patch" time="0.333" /><testcase classname="tests.backend_round4_test.TestPartialPatchRegression" name="test_document_partial_patch" time="0.251" /><testcase classname="tests.backend_round4_test.TestDocumentsCRUD" name="test_full_lifecycle" time="0.702" /><testcase classname="tests.backend_round4_test.TestDocumentsAccessControl" name="test_second_user_cannot_read_first_users_doc" time="4.299" /><testcase classname="tests.backend_round4_test.TestInviteCollab" name="test_collab_lifecycle" time="1.018" /><testcase classname="tests.backend_round4_test.TestInviteCopy" name="test_copy_clones_with_link_remap" time="1.292" /><testcase classname="tests.backend_round4_test.TestParseBookingPDFInvalid" name="test_invalid_pdf_bytes_returns_400" time="0.125" /><testcase classname="tests.backend_round5_test.TestSeedIntact" name="test_seed_token_authenticates" time="0.075" /><testcase classname="tests.backend_round5_test.TestSeedIntact" name="test_seed_trip_still_tokyo_kyoto" time="0.087" /><testcase classname="tests.backend_round5_test.TestSeedIntact" name="test_trips_list_contains_seed" time="0.091" /><testcase classname="tests.backend_round5_test.TestTripCreateWithClientId" name="test_new_uuid_is_honoured" time="0.107" /><testcase classname="tests.backend_round5_test.TestTripCreateWithClientId" name="test_repeat_same_payload_no_duplicate" time="0.178" /><testcase classname="tests.backend_round5_test.TestTripCreateWithClientId" name="test_same_id_different_name_returns_original" time="0.179" /><testcase classname="tests.backend_round5_test.TestTripCreateWithClientId" name="test_delete_cleanup_after_client_id_create" time="0.177" /><testcase classname="tests.backend_round5_test.TestAccessControlClientId" name="test_second_user_cannot_hijack_id" time="0.222" /><testcase classname="tests.backend_round5_test.TestFlightCreateIdempotency" name="test_same_id_same_trip_returns_existing" time="0.287" /><testcase classname="tests.backend_round5_test.TestFlightCreateIdempotency" name="test_same_id_different_trip_generates_fresh" time="0.439" /><testcase classname="tests.backend_round5_test.TestSeedAfter" name="test_seed_trip_unchanged_after_suite" time="0.071" /><testcase classname="tests.backend_round5_test.TestSeedAfter" name="test_seed_flight_still_present" time="0.508" /></testsuite></testsuites>