<?xml version="1.0" encoding="utf-8"?><testsuites name="pytest tests"><testsuite name="pytest" errors="0" failures="0" skipped="0" tests="26" time="1.902" timestamp="2026-09-14T13:58:53.693902+00:00" hostname="agent-env-8deea089-898e-4ef8-ba0c-f6435eee06f0"><testcase classname="tests.backend_round6_test.TestHealth" name="test_root_health_get_localhost" time="0.003" /><testcase classname="tests.backend_round6_test.TestPngValidity" name="test_at_least_the_ten_expected_pngs_exist" time="0.001" /><testcase classname="tests.backend_round6_test.TestHealth" name="test_root_health_head_localhost" time="0.002" /><testcase classname="tests.backend_round6_test.TestPngValidity" name="test_png_is_real_png[/app/frontend/assets/images/adaptive-icon.png]" time="0.005" /><testcase classname="tests.backend_round6_test.TestHealth" name="test_api_health_get_localhost" time="0.002" /><testcase classname="tests.backend_round6_test.TestPngValidity" name="test_png_is_real_png[/app/frontend/assets/images/app-image.png]" time="0.001" /><testcase classname="tests.backend_round6_test.TestPngValidity" name="test_png_is_real_png[/app/frontend/assets/images/favicon.png]" time="0.001" /><testcase classname="tests.backend_round6_test.TestHealth" name="test_api_health_no_auth_required_public_url" time="0.354" /><testcase classname="tests.backend_round6_test.TestPngValidity" name="test_png_is_real_png[/app/frontend/assets/images/icon.png]" time="0.001" /><testcase classname="tests.backend_round6_test.TestPngValidity" name="test_png_is_real_png[/app/frontend/assets/images/partial-react-logo.png]" time="0.000" /><testcase classname="tests.backend_round6_test.TestPngValidity" name="test_png_is_real_png[/app/frontend/assets/images/react-logo.png]" time="0.000" /><testcase classname="tests.backend_round6_test.TestPngValidity" name="test_png_is_real_png[/app/frontend/assets/images/react-logo@2x.png]" time="0.000" /><testcase classname="tests.backend_round6_test.TestPngValidity" name="test_png_is_real_png[/app/frontend/assets/images/react-logo@3x.png]" time="0.000" /><testcase classname="tests.backend_round6_test.TestPngValidity" name="test_png_is_real_png[/app/frontend/assets/images/splash-image.png]" time="0.001" /><testcase classname="tests.backend_round6_test.TestPngValidity" name="test_png_is_real_png[/app/frontend/assets/images/travel-space-cover.png]" time="0.001" /><testcase classname="tests.backend_round6_test.TestPngValidity" name="test_png_is_real_png[/app/frontend/assets/images/travel-space-logo.png]" time="0.001" /><testcase classname="tests.backend_round6_test.TestPngValidity" name="test_png_is_real_png[/app/frontend/assets/marketing/autoimport.png]" time="0.001" /><testcase classname="tests.backend_round6_test.TestPngValidity" name="test_png_is_real_png[/app/frontend/assets/marketing/hero.png]" time="0.001" /><testcase classname="tests.backend_round6_test.TestPngValidity" name="test_png_is_real_png[/app/frontend/assets/marketing/multiscreen.png]" time="0.001" /><testcase classname="tests.backend_round6_test.TestPngValidity" name="test_png_is_real_png[/app/frontend/assets/marketing/share.png]" time="0.001" /><testcase classname="tests.backend_round6_test.TestPngValidity" name="test_app_json_icon_paths_resolve" time="0.000" /><testcase classname="tests.backend_round6_test.TestDeleteAccount" name="test_delete_me_cascade" time="1.264" /><testcase classname="tests.backend_round6_test.TestRegressionLite" name="test_partial_patch_flight_preserves_other_fields" time="0.527" /><testcase classname="tests.backend_round6_test.TestRegressionLite" name="test_documents_create_list_strips_blob" time="0.289" /><testcase classname="tests.backend_round6_test.TestRegressionLite" name="test_invite_lifecycle_collab" time="0.274" /><testcase classname="tests.backend_round6_test.TestDeleteAccount" name="test_delete_me_requires_auth" time="0.092" /></testsuite></testsuites>