<?xml version="1.0" encoding="utf-8"?><testsuites name="pytest tests"><testsuite name="pytest" errors="0" failures="1" skipped="0" tests="14" time="6.588" timestamp="2026-09-14T12:25:24.897554+00:00" hostname="agent-env-8deea089-898e-4ef8-ba0c-f6435eee06f0"><testcase classname="tests.backend_round4_test.TestSeedRegression" name="test_auth_me_still_works" time="0.125" /><testcase classname="tests.backend_round4_test.TestSeedRegression" name="test_trips_list_includes_seed_trip" time="0.079" /><testcase classname="tests.backend_round4_test.TestSeedRegression" name="test_existing_flight_present" time="0.084" /><testcase classname="tests.backend_round4_test.TestPartialPatchRegression" name="test_flight_partial_patch" time="0.278" /><testcase classname="tests.backend_round4_test.TestPartialPatchRegression" name="test_transport_partial_patch" time="0.293" /><testcase classname="tests.backend_round4_test.TestPartialPatchRegression" name="test_stay_partial_patch" time="1.439" /><testcase classname="tests.backend_round4_test.TestPartialPatchRegression" name="test_attraction_partial_patch" time="0.270" /><testcase classname="tests.backend_round4_test.TestPartialPatchRegression" name="test_ticket_partial_patch" time="0.313" /><testcase classname="tests.backend_round4_test.TestPartialPatchRegression" name="test_document_partial_patch" time="0.308" /><testcase classname="tests.backend_round4_test.TestDocumentsCRUD" name="test_full_lifecycle" time="0.711" /><testcase classname="tests.backend_round4_test.TestDocumentsAccessControl" name="test_second_user_cannot_read_first_users_doc" time="0.594" /><testcase classname="tests.backend_round4_test.TestInviteCollab" name="test_collab_lifecycle" time="0.280"><failure message="AssertionError: assert '' == 'alex@travelspace.demo'&#10;  &#10;  - alex@travelspace.demo">backend/tests/backend_round4_test.py:409: in test_collab_lifecycle
    assert preview["owner_email"] == "alex@travelspace.demo"
E   AssertionError: assert '' == 'alex@travelspace.demo'
E     
E     - alex@travelspace.demo</failure></testcase><testcase classname="tests.backend_round4_test.TestInviteCopy" name="test_copy_clones_with_link_remap" time="1.466" /><testcase classname="tests.backend_round4_test.TestParseBookingPDFInvalid" name="test_invalid_pdf_bytes_returns_400" time="0.189" /></testsuite></testsuites>