<?xml version="1.0" encoding="utf-8"?><testsuites name="pytest tests"><testsuite name="pytest" errors="0" failures="0" skipped="0" tests="10" time="0.471" timestamp="2026-09-14T13:59:22.203466+00:00" hostname="agent-env-8deea089-898e-4ef8-ba0c-f6435eee06f0"><testcase classname="tests.pwa_static_test.TestManifest" name="test_manifest_served" time="0.005" /><testcase classname="tests.pwa_static_test.TestIcons" name="test_icon_served_as_png[icon-192.png]" time="0.005" /><testcase classname="tests.pwa_static_test.TestIcons" name="test_icon_served_as_png[icon-512.png]" time="0.002" /><testcase classname="tests.pwa_static_test.TestIcons" name="test_icon_served_as_png[icon-maskable-512.png]" time="0.002" /><testcase classname="tests.pwa_static_test.TestManifest" name="test_manifest_body" time="0.002" /><testcase classname="tests.pwa_static_test.TestServiceWorker" name="test_sw_served" time="0.001" /><testcase classname="tests.pwa_static_test.TestServiceWorker" name="test_sw_never_intercepts_api" time="0.002" /><testcase classname="tests.pwa_static_test.TestIcons" name="test_icon_served_as_png[apple-touch-icon.png]" time="0.002" /><testcase classname="tests.pwa_static_test.TestApiPassthroughFromMetro" name="test_api_health_same_origin" time="0.134" /><testcase classname="tests.pwa_static_test.TestIcons" name="test_icon_served_as_png[favicon.png]" time="0.002" /></testsuite></testsuites>