<?xml version="1.0" encoding="utf-8"?><testsuites name="pytest tests"><testsuite name="pytest" errors="0" failures="0" skipped="0" tests="29" time="9.312" timestamp="2026-09-15T07:56:55.839394+00:00" hostname="agent-env-8deea089-898e-4ef8-ba0c-f6435eee06f0"><testcase classname="tests.backend_round8_test.TestParseBookingMulti" name="test_empty_text_returns_400" time="0.007" /><testcase classname="tests.backend_round8_test.TestParseBookingMulti" name="test_no_body_returns_400" time="0.003" /><testcase classname="tests.backend_round8_test.TestParseBookingMulti" name="test_requires_auth" time="0.002" /><testcase classname="tests.backend_round8_test.TestParseBookingMulti" name="test_single_flight_text" time="4.071" /><testcase classname="tests.backend_round8_test.TestTripsCRUDAndSubItems" name="test_trip_get_and_update" time="2.374" /><testcase classname="tests.backend_round8_test.TestTripsCRUDAndSubItems" name="test_list_trips_contains" time="0.003" /><testcase classname="tests.backend_round8_test.TestTripsCRUDAndSubItems" name="test_flight_crud" time="0.011" /><testcase classname="tests.backend_round8_test.TestTripsCRUDAndSubItems" name="test_transport_crud" time="0.010" /><testcase classname="tests.backend_round8_test.TestTripsCRUDAndSubItems" name="test_stays_crud" time="0.010" /><testcase classname="tests.backend_round8_test.TestTripsCRUDAndSubItems" name="test_attractions_crud" time="0.011" /><testcase classname="tests.backend_round8_test.TestTripsCRUDAndSubItems" name="test_tickets_crud" time="0.011" /><testcase classname="tests.backend_round8_test.TestTripsCRUDAndSubItems" name="test_documents_crud" time="0.013" /><testcase classname="tests.backend_round8_test.TestGeocode" name="test_geocode_english_shanghai" time="0.504" /><testcase classname="tests.backend_round8_test.TestGeocode" name="test_geocode_chinese_lang" time="1.659" /><testcase classname="tests.backend_round8_test.TestParseBookingMulti" name="test_multi_train_bookings_csv" time="2.020" /><testcase classname="tests.backend_round8_test.TestGeocode" name="test_geocode_requires_auth" time="0.002" /><testcase classname="tests.backend_round8_test.TestGeocode" name="test_geocode_min_length" time="0.003" /><testcase classname="tests.backend_round8_test.TestParseBookingLegacy" name="test_legacy_single_shape" time="1.387" /><testcase classname="tests.backend_round8_test.TestParseBookingLegacy" name="test_legacy_empty_text_400" time="0.003" /><testcase classname="tests.backend_round8_test.TestHealth" name="test_health" time="0.002" /><testcase classname="tests.backend_round8_test.TestHealth" name="test_ingress_health" time="0.272" /><testcase classname="tests.backend_round8_test.TestParseBookingMulti" name="test_partial_date_future_year" time="1.955" /><testcase classname="tests.backend_round8_test.TestInvites" name="test_invite_create_and_preview" time="0.016" /><testcase classname="tests.backend_round8_test.TestExchangeRates" name="test_exchange_rates" time="0.104" /><testcase classname="tests.backend_round8_test.TestPublicShare" name="test_public_share_endpoint" time="0.007" /><testcase classname="tests.backend_round8_test.TestReverseGeocode" name="test_reverse_geocode_ok" time="0.688" /><testcase classname="tests.backend_round8_test.TestReverseGeocode" name="test_reverse_geocode_lang_chinese" time="0.182" /><testcase classname="tests.backend_round8_test.TestReverseGeocode" name="test_reverse_geocode_bad_coords" time="0.003" /><testcase classname="tests.backend_round8_test.TestReverseGeocode" name="test_reverse_geocode_requires_auth" time="0.002" /></testsuite></testsuites>