<?xml version="1.0" encoding="utf-8"?><testsuites name="pytest tests"><testsuite name="pytest" errors="0" failures="0" skipped="0" tests="14" time="5.933" timestamp="2026-09-14T11:49:08.012199+00:00" hostname="agent-env-8deea089-898e-4ef8-ba0c-f6435eee06f0"><testcase classname="tests.backend_round4_test.TestSeedRegression" name="test_auth_me_still_works" time="0.160" /><testcase classname="tests.backend_round4_test.TestSeedRegression" name="test_trips_list_includes_seed_trip" time="0.105" /><testcase classname="tests.backend_round4_test.TestPartialPatchRegression" name="test_flight_partial_patch" time="0.430" /><testcase classname="tests.backend_round4_test.TestSeedRegression" name="test_existing_flight_present" time="0.112" /><testcase classname="tests.backend_round4_test.TestDocumentsCRUD" name="test_full_lifecycle" time="0.801" /><testcase classname="tests.backend_round4_test.TestPartialPatchRegression" name="test_transport_partial_patch" time="0.319" /><testcase classname="tests.backend_round4_test.TestPartialPatchRegression" name="test_stay_partial_patch" time="2.788" /><testcase classname="tests.backend_round4_test.TestDocumentsAccessControl" name="test_second_user_cannot_read_first_users_doc" time="0.602" /><testcase classname="tests.backend_round4_test.TestInviteCollab" name="test_collab_lifecycle" time="2.363" /><testcase classname="tests.backend_round4_test.TestPartialPatchRegression" name="test_attraction_partial_patch" time="0.341" /><testcase classname="tests.backend_round4_test.TestPartialPatchRegression" name="test_ticket_partial_patch" time="0.316" /><testcase classname="tests.backend_round4_test.TestInviteCopy" name="test_copy_clones_with_link_remap" time="1.128" /><testcase classname="tests.backend_round4_test.TestPartialPatchRegression" name="test_document_partial_patch" time="1.026" /><testcase classname="tests.backend_round4_test.TestParseBookingPDFInvalid" name="test_invalid_pdf_bytes_returns_400" time="0.174" /></testsuite></testsuites>